<?xml version="1.0" encoding="UTF-8"?>
<!-- Generated by org.testng.reporters.JUnitReportReporter -->
<testsuite hostname="LAPTOP-46IJN35K" failures="0" tests="1" name="Checkout_Page.details" time="8.507" errors="0" timestamp="2024-02-06T22:21:47 IST" skipped="0">
  <testcase classname="Checkout_Page.details" name="testCheckout" time="8.507"/>
</testsuite> <!-- Checkout_Page.details -->
