<?xml version="1.0" encoding="UTF-8"?>
<!-- Generated by org.testng.reporters.JUnitReportReporter -->
<testsuite hostname="LAPTOP-46IJN35K" failures="0" tests="4" name="Cart_page.view_Cart" time="17.996" errors="0" timestamp="2024-02-06T21:26:20 IST" skipped="0">
  <testcase classname="Cart_page.view_Cart" name="checkout" time="2.122"/>
  <testcase classname="Cart_page.view_Cart" name="cart" time="7.753"/>
  <testcase classname="Cart_page.view_Cart" name="removeItem" time="4.050"/>
  <testcase classname="Cart_page.view_Cart" name="contiShop" time="4.071"/>
</testsuite> <!-- Cart_page.view_Cart -->
